2023-10-17 10:33:47,388 INFO o.a.j.u.JMeterUtils: Setting Locale to en_EN
2023-10-17 10:33:47,419 INFO o.a.j.JMeter: Loading user properties from: /opt/homebrew/Cellar/jmeter/5.6.2/libexec/bin/user.properties
2023-10-17 10:33:47,419 INFO o.a.j.JMeter: Loading system properties from: /opt/homebrew/Cellar/jmeter/5.6.2/libexec/bin/system.properties
2023-10-17 10:33:47,423 INFO o.a.j.JMeter: Copyright (c) 1998-2023 The Apache Software Foundation
2023-10-17 10:33:47,423 INFO o.a.j.JMeter: Version 5.6.2
2023-10-17 10:33:47,424 INFO o.a.j.JMeter: java.version=17.0.8.1
2023-10-17 10:33:47,424 INFO o.a.j.JMeter: java.vm.name=OpenJDK 64-Bit Server VM
2023-10-17 10:33:47,424 INFO o.a.j.JMeter: os.name=Mac OS X
2023-10-17 10:33:47,424 INFO o.a.j.JMeter: os.arch=aarch64
2023-10-17 10:33:47,424 INFO o.a.j.JMeter: os.version=14.0
2023-10-17 10:33:47,424 INFO o.a.j.JMeter: file.encoding=UTF-8
2023-10-17 10:33:47,424 INFO o.a.j.JMeter: java.awt.headless=null
2023-10-17 10:33:47,424 INFO o.a.j.JMeter: Max memory     =1073741824
2023-10-17 10:33:47,424 INFO o.a.j.JMeter: Available Processors =8
2023-10-17 10:33:47,431 INFO o.a.j.JMeter: Default Locale=English (EN)
2023-10-17 10:33:47,431 INFO o.a.j.JMeter: JMeter  Locale=English (EN)
2023-10-17 10:33:47,432 INFO o.a.j.JMeter: JMeterHome=/opt/homebrew/Cellar/jmeter/5.6.2/libexec
2023-10-17 10:33:47,432 INFO o.a.j.JMeter: user.dir  =/Users/zachmommaerts/Documents/Work Swift/Moonshot
2023-10-17 10:33:47,432 INFO o.a.j.JMeter: PWD       =/Users/zachmommaerts/Documents/Work Swift/Moonshot
2023-10-17 10:33:47,433 INFO o.a.j.JMeter: IP: 127.0.0.1 Name: Zachs-MacBook-Pro-2.local FullName: localhost
2023-10-17 10:33:47,442 INFO o.a.j.JMeter: Loaded icon properties from org/apache/jmeter/images/icon.properties
2023-10-17 10:33:48,063 INFO o.a.j.JMeterGuiLauncher: Setting LAF to: com.github.weisj.darklaf.DarkLaf:com.github.weisj.darklaf.theme.SolarizedDarkTheme
2023-10-17 10:33:50,143 INFO o.a.j.r.ClassFinder: Will scan jar /opt/homebrew/Cellar/jmeter/5.6.2/libexec/lib/ext/jmeter-plugins-mergeresults-2.1.jar with filter ExtendsClassFilter [parents=[interface org.apache.jmeter.gui.action.Command], inner=false, contains=null, notContains=null]. Consider exposing JMeter plugins via META-INF/services, and add JMeter-Skip-Class-Scanning=true manifest attribute so JMeter can skip classfile scanning
2023-10-17 10:33:50,147 INFO o.a.j.r.ClassFinder: Will scan jar /opt/homebrew/Cellar/jmeter/5.6.2/libexec/lib/ext/jmeter-plugins-manager-1.9.jar with filter ExtendsClassFilter [parents=[interface org.apache.jmeter.gui.action.Command], inner=false, contains=null, notContains=null]. Consider exposing JMeter plugins via META-INF/services, and add JMeter-Skip-Class-Scanning=true manifest attribute so JMeter can skip classfile scanning
2023-10-17 10:33:50,229 INFO o.a.j.r.ClassFinder: Will scan jar /opt/homebrew/Cellar/jmeter/5.6.2/libexec/lib/ext/jmeter-plugins-mergeresults-2.1.jar with filter ExtendsClassFilter [parents=[interface org.apache.jmeter.gui.plugin.MenuCreator], inner=false, contains=null, notContains=null]. Consider exposing JMeter plugins via META-INF/services, and add JMeter-Skip-Class-Scanning=true manifest attribute so JMeter can skip classfile scanning
2023-10-17 10:33:50,229 INFO o.a.j.r.ClassFinder: Will scan jar /opt/homebrew/Cellar/jmeter/5.6.2/libexec/lib/ext/jmeter-plugins-manager-1.9.jar with filter ExtendsClassFilter [parents=[interface org.apache.jmeter.gui.plugin.MenuCreator], inner=false, contains=null, notContains=null]. Consider exposing JMeter plugins via META-INF/services, and add JMeter-Skip-Class-Scanning=true manifest attribute so JMeter can skip classfile scanning
2023-10-17 10:33:50,291 INFO o.j.r.JARSourceHTTP: Requesting https://jmeter-plugins.org/repo/?installID=mac_os_x-d15047d83a0dd0f4d2eab11e6f1d4cad-gui
2023-10-17 10:33:51,103 INFO o.j.r.PluginManager: Plugins Status: [jpgc-mergeresults=2.1, jpgc-plugins-manager=1.9, jmeter-core=5.6.2, jmeter-ftp=5.6.2, jmeter-http=5.6.2, jmeter-jdbc=5.6.2, jmeter-jms=5.6.2, jmeter-junit=5.6.2, jmeter-java=5.6.2, jmeter-ldap=5.6.2, jmeter-mail=5.6.2, jmeter-mongodb=5.6.2, jmeter-native=5.6.2, jmeter-tcp=5.6.2, jmeter-components=5.6.2]
2023-10-17 10:33:51,104 INFO o.j.r.PluginManagerMenuItem: Plugins Manager has upgrades: [jpgc-plugins-manager]
2023-10-17 10:33:56,681 INFO o.a.j.s.FileServer: Default base='/Users/zachmommaerts/Documents/Work Swift/Moonshot'
2023-10-17 10:33:56,682 INFO o.a.j.g.a.Load: Loading file: /Users/zachmommaerts/Documents/Infosys/Perf_Test_Github/Portals-Performance-Testing/SupplierCare/WebFormTests.jmx
2023-10-17 10:33:56,682 INFO o.a.j.s.FileServer: Set new base='/Users/zachmommaerts/Documents/Infosys/Perf_Test_Github/Portals-Performance-Testing/SupplierCare'
2023-10-17 10:33:56,785 INFO o.a.j.s.SaveService: Testplan (JMX) version: 2.2. Testlog (JTL) version: 2.2
2023-10-17 10:33:56,790 INFO o.a.j.s.SaveService: Using SaveService properties version 5.0
2023-10-17 10:33:56,791 INFO o.a.j.s.SaveService: Using SaveService properties file encoding UTF-8
2023-10-17 10:33:56,792 INFO o.a.j.s.SaveService: Loading file: /Users/zachmommaerts/Documents/Infosys/Perf_Test_Github/Portals-Performance-Testing/SupplierCare/WebFormTests.jmx
2023-10-17 10:33:56,920 INFO o.a.j.p.h.s.HTTPSamplerBase: Parser for text/html is org.apache.jmeter.protocol.http.parser.LagartoBasedHtmlParser
2023-10-17 10:33:56,920 INFO o.a.j.p.h.s.HTTPSamplerBase: Parser for application/xhtml+xml is org.apache.jmeter.protocol.http.parser.LagartoBasedHtmlParser
2023-10-17 10:33:56,920 INFO o.a.j.p.h.s.HTTPSamplerBase: Parser for application/xml is org.apache.jmeter.protocol.http.parser.LagartoBasedHtmlParser
2023-10-17 10:33:56,920 INFO o.a.j.p.h.s.HTTPSamplerBase: Parser for text/xml is org.apache.jmeter.protocol.http.parser.LagartoBasedHtmlParser
2023-10-17 10:33:56,921 INFO o.a.j.p.h.s.HTTPSamplerBase: Parser for text/vnd.wap.wml is org.apache.jmeter.protocol.http.parser.RegexpHTMLParser
2023-10-17 10:33:56,921 INFO o.a.j.p.h.s.HTTPSamplerBase: Parser for text/css is org.apache.jmeter.protocol.http.parser.CssParser
2023-10-17 10:33:57,205 INFO o.a.j.s.SampleResult: Note: Sample TimeStamps are START times
2023-10-17 10:33:57,206 INFO o.a.j.s.SampleResult: sampleresult.default.encoding is set to UTF-8
2023-10-17 10:33:57,206 INFO o.a.j.s.SampleResult: sampleresult.useNanoTime=true
2023-10-17 10:33:57,206 INFO o.a.j.s.SampleResult: sampleresult.nanoThreadSleep=5000
2023-10-17 10:33:57,284 INFO o.a.j.r.ClassFinder: Will scan jar /opt/homebrew/Cellar/jmeter/5.6.2/libexec/lib/ext/jmeter-plugins-mergeresults-2.1.jar with filter ExtendsClassFilter [parents=[interface org.apache.jmeter.visualizers.ResultRenderer], inner=false, contains=null, notContains=null]. Consider exposing JMeter plugins via META-INF/services, and add JMeter-Skip-Class-Scanning=true manifest attribute so JMeter can skip classfile scanning
2023-10-17 10:33:57,285 INFO o.a.j.r.ClassFinder: Will scan jar /opt/homebrew/Cellar/jmeter/5.6.2/libexec/lib/ext/jmeter-plugins-manager-1.9.jar with filter ExtendsClassFilter [parents=[interface org.apache.jmeter.visualizers.ResultRenderer], inner=false, contains=null, notContains=null]. Consider exposing JMeter plugins via META-INF/services, and add JMeter-Skip-Class-Scanning=true manifest attribute so JMeter can skip classfile scanning
2023-10-17 10:33:57,296 INFO o.a.j.r.ClassFinder: Will scan jar /opt/homebrew/Cellar/jmeter/5.6.2/libexec/lib/ext/jmeter-plugins-mergeresults-2.1.jar with filter ExtendsClassFilter [parents=[interface org.apache.jmeter.visualizers.RequestView], inner=false, contains=null, notContains=null]. Consider exposing JMeter plugins via META-INF/services, and add JMeter-Skip-Class-Scanning=true manifest attribute so JMeter can skip classfile scanning
2023-10-17 10:33:57,296 INFO o.a.j.r.ClassFinder: Will scan jar /opt/homebrew/Cellar/jmeter/5.6.2/libexec/lib/ext/jmeter-plugins-manager-1.9.jar with filter ExtendsClassFilter [parents=[interface org.apache.jmeter.visualizers.RequestView], inner=false, contains=null, notContains=null]. Consider exposing JMeter plugins via META-INF/services, and add JMeter-Skip-Class-Scanning=true manifest attribute so JMeter can skip classfile scanning
2023-10-17 10:33:57,346 INFO o.a.j.s.FileServer: Set new base='/Users/zachmommaerts/Documents/Infosys/Perf_Test_Github/Portals-Performance-Testing/SupplierCare'
